Using pre-set license

 COMMAND LINE ARGUMENTS:
/Applications/Unity/Hub/Editor/2020.3.5f1/Unity.app/Contents/MacOS/Unity
-adb2
-batchMode
-noUpm
-name
AssetImportWorker0
-projectPath
/Users/sridharreddy/Unity/Darky
-logFile
Logs/AssetImportWorker0.log
-srvPort
53884
Successfully changed project path to: /Users/sridharreddy/Unity/Darky
/Users/sridharreddy/Unity/Darky
Using Asset Import Pipeline V2.
Refreshing native plugins compatible for Editor in 52.55 ms, found 2 plugins.
Preloading 0 native plugins for Editor in 0.00 ms.
Initialize engine version: 2020.3.5f1 (8095aa901b9b)
[Subsystems] Discovering subsystems at path /Applications/Unity/Hub/Editor/2020.3.5f1/Unity.app/Contents/Resources/UnitySubsystems
[Subsystems] Discovering subsystems at path /Users/sridharreddy/Unity/Darky/Assets
GfxDevice: creating device client; threaded=0
2021-12-12 09:25:17.753 Unity[33221:2709948] Color LCD preferred device: NVIDIA GeForce GT 650M (high power)
2021-12-12 09:25:17.753 Unity[33221:2709948] Metal devices available: 2
2021-12-12 09:25:17.753 Unity[33221:2709948] 0: NVIDIA GeForce GT 650M (high power)
2021-12-12 09:25:17.753 Unity[33221:2709948] 1: Intel HD Graphics 4000 (low power)
2021-12-12 09:25:17.754 Unity[33221:2709948] Using device NVIDIA GeForce GT 650M (high power)
Initializing Metal device caps: NVIDIA GeForce GT 650M
Initialize mono
Mono path[0] = '/Applications/Unity/Hub/Editor/2020.3.5f1/Unity.app/Contents/Managed'
Mono path[1] = '/Applications/Unity/Hub/Editor/2020.3.5f1/Unity.app/Contents/MonoBleedingEdge/lib/mono/unityjit'
Mono config path = '/Applications/Unity/Hub/Editor/2020.3.5f1/Unity.app/Contents/MonoBleedingEdge/etc'
Using monoOptions --debugger-agent=transport=dt_socket,embedding=1,server=y,suspend=n,address=127.0.0.1:56221
Begin MonoManager ReloadAssembly
Registering precompiled unity dll's ...
Register platform support module: /Applications/Unity/Hub/Editor/2020.3.5f1/PlaybackEngines/WebGLSupport/UnityEditor.WebGL.Extensions.dll
Register platform support module: /Applications/Unity/Hub/Editor/2020.3.5f1/Unity.app/Contents/PlaybackEngines/MacStandaloneSupport/UnityEditor.OSXStandalone.Extensions.dll
Register platform support module: /Applications/Unity/Hub/Editor/2020.3.5f1/PlaybackEngines/WindowsStandaloneSupport/UnityEditor.WindowsStandalone.Extensions.dll
Registered in 0.001246 seconds.
Native extension for WindowsStandalone target not found
Native extension for OSXStandalone target not found
Native extension for WebGL target not found
Refreshing native plugins compatible for Editor in 52.84 ms, found 2 plugins.
Preloading 0 native plugins for Editor in 0.00 ms.
Mono: successfully reloaded assembly
- Completed reload, in  4.515 seconds
Platform modules already initialized, skipping
Registering precompiled user dll's ...
Registered in 0.000769 seconds.
Begin MonoManager ReloadAssembly
Native extension for WindowsStandalone target not found
Native extension for OSXStandalone target not found
Native extension for WebGL target not found
Refreshing native plugins compatible for Editor in 57.04 ms, found 2 plugins.
Preloading 0 native plugins for Editor in 0.00 ms.
Mono: successfully reloaded assembly
- Completed reload, in  1.706 seconds
Platform modules already initialized, skipping
========================================================================
Worker process is ready to serve import requests
Launching external process: /Applications/Unity/Hub/Editor/2020.3.5f1/Unity.app/Contents/Tools/UnityShaderCompiler
Launched and connected shader compiler UnityShaderCompiler after 0.02 seconds
Refreshing native plugins compatible for Editor in 0.42 ms, found 2 plugins.
Preloading 0 native plugins for Editor in 0.00 ms.
Unloading 1828 Unused Serialized files (Serialized files now loaded: 0)
System memory in use before: 152.5 MB.
System memory in use after: 152.5 MB.

Unloading 24 unused Assets to reduce memory usage. Loaded Objects now: 2276.
Total: 2.970461 ms (FindLiveObjects: 0.339098 ms CreateObjectMapping: 0.172479 ms MarkObjects: 2.274539 ms  DeleteObjects: 0.181518 ms)

========================================================================
Received Import Request.
  path: Assets/Levels/Level 1/Materials/Objects/Lava.mat
  artifactKey: Guid(523919271a496478b9069cf8915bfd4c) Importer(815301076,1909f56bfc062723c751e8b465ee728b)
Start importing Assets/Levels/Level 1/Materials/Objects/Lava.mat using Guid(523919271a496478b9069cf8915bfd4c) Importer(815301076,1909f56bfc062723c751e8b465ee728b)  -> (artifact id: '8b519963ee7363c66c17bc2fbdaaff9d') in 0.753255 seconds
  Import took 0.757994 seconds .

========================================================================
Received Prepare
Refreshing native plugins compatible for Editor in 1.93 ms, found 2 plugins.
Preloading 0 native plugins for Editor in 0.00 ms.
Unloading 10 Unused Serialized files (Serialized files now loaded: 0)
System memory in use before: 124.2 MB.
System memory in use after: 124.2 MB.

Unloading 10 unused Assets to reduce memory usage. Loaded Objects now: 2316.
Total: 3.331247 ms (FindLiveObjects: 0.259534 ms CreateObjectMapping: 0.074891 ms MarkObjects: 2.841330 ms  DeleteObjects: 0.153658 ms)

========================================================================
Received Prepare
Registering precompiled user dll's ...
Registered in 0.000683 seconds.
Begin MonoManager ReloadAssembly
Native extension for WindowsStandalone target not found
Native extension for OSXStandalone target not found
Native extension for WebGL target not found
Refreshing native plugins compatible for Editor in 0.42 ms, found 2 plugins.
Preloading 0 native plugins for Editor in 0.00 ms.
Mono: successfully reloaded assembly
- Completed reload, in  1.394 seconds
Platform modules already initialized, skipping
Refreshing native plugins compatible for Editor in 0.42 ms, found 2 plugins.
Preloading 0 native plugins for Editor in 0.00 ms.
Unloading 1810 Unused Serialized files (Serialized files now loaded: 0)
System memory in use before: 159.4 MB.
System memory in use after: 159.4 MB.

Unloading 12 unused Assets to reduce memory usage. Loaded Objects now: 2320.
Total: 2.404356 ms (FindLiveObjects: 0.211296 ms CreateObjectMapping: 0.070512 ms MarkObjects: 1.988100 ms  DeleteObjects: 0.133113 ms)

========================================================================
Received Prepare
Registering precompiled user dll's ...
Registered in 0.000853 seconds.
Begin MonoManager ReloadAssembly
Native extension for WindowsStandalone target not found
Native extension for OSXStandalone target not found
Native extension for WebGL target not found
Refreshing native plugins compatible for Editor in 0.44 ms, found 2 plugins.
Preloading 0 native plugins for Editor in 0.00 ms.
Mono: successfully reloaded assembly
- Completed reload, in  1.382 seconds
Platform modules already initialized, skipping
Refreshing native plugins compatible for Editor in 0.42 ms, found 2 plugins.
Preloading 0 native plugins for Editor in 0.00 ms.
Unloading 1810 Unused Serialized files (Serialized files now loaded: 0)
System memory in use before: 159.6 MB.
System memory in use after: 159.6 MB.

Unloading 12 unused Assets to reduce memory usage. Loaded Objects now: 2324.
Total: 2.436745 ms (FindLiveObjects: 0.208913 ms CreateObjectMapping: 0.110414 ms MarkObjects: 1.980667 ms  DeleteObjects: 0.135491 ms)

========================================================================
Received Prepare
Registering precompiled user dll's ...
Registered in 0.000985 seconds.
Begin MonoManager ReloadAssembly
Native extension for WindowsStandalone target not found
Native extension for OSXStandalone target not found
Native extension for WebGL target not found
Refreshing native plugins compatible for Editor in 0.41 ms, found 2 plugins.
Preloading 0 native plugins for Editor in 0.00 ms.
Mono: successfully reloaded assembly
- Completed reload, in  1.327 seconds
Platform modules already initialized, skipping
Refreshing native plugins compatible for Editor in 0.48 ms, found 2 plugins.
Preloading 0 native plugins for Editor in 0.00 ms.
Unloading 1810 Unused Serialized files (Serialized files now loaded: 0)
System memory in use before: 159.8 MB.
System memory in use after: 159.8 MB.

Unloading 12 unused Assets to reduce memory usage. Loaded Objects now: 2328.
Total: 2.797072 ms (FindLiveObjects: 0.253632 ms CreateObjectMapping: 0.179523 ms MarkObjects: 2.226790 ms  DeleteObjects: 0.135957 ms)

========================================================================
Received Prepare
Registering precompiled user dll's ...
Registered in 0.000693 seconds.
Begin MonoManager ReloadAssembly
Native extension for WindowsStandalone target not found
Native extension for OSXStandalone target not found
Native extension for WebGL target not found
Refreshing native plugins compatible for Editor in 0.42 ms, found 2 plugins.
Preloading 0 native plugins for Editor in 0.00 ms.
Mono: successfully reloaded assembly
- Completed reload, in  1.406 seconds
Platform modules already initialized, skipping
Refreshing native plugins compatible for Editor in 0.41 ms, found 2 plugins.
Preloading 0 native plugins for Editor in 0.00 ms.
Unloading 1810 Unused Serialized files (Serialized files now loaded: 0)
System memory in use before: 160.0 MB.
System memory in use after: 160.0 MB.

Unloading 12 unused Assets to reduce memory usage. Loaded Objects now: 2332.
Total: 2.520270 ms (FindLiveObjects: 0.227597 ms CreateObjectMapping: 0.092900 ms MarkObjects: 2.059180 ms  DeleteObjects: 0.139336 ms)

========================================================================
Received Prepare
Registering precompiled user dll's ...
Registered in 0.000843 seconds.
Begin MonoManager ReloadAssembly
Native extension for WindowsStandalone target not found
Native extension for OSXStandalone target not found
Native extension for WebGL target not found
Refreshing native plugins compatible for Editor in 0.42 ms, found 2 plugins.
Preloading 0 native plugins for Editor in 0.00 ms.
Mono: successfully reloaded assembly
- Completed reload, in  1.354 seconds
Platform modules already initialized, skipping
Refreshing native plugins compatible for Editor in 0.43 ms, found 2 plugins.
Preloading 0 native plugins for Editor in 0.00 ms.
Unloading 1810 Unused Serialized files (Serialized files now loaded: 0)
System memory in use before: 160.2 MB.
System memory in use after: 160.2 MB.

Unloading 12 unused Assets to reduce memory usage. Loaded Objects now: 2336.
Total: 2.658411 ms (FindLiveObjects: 0.242469 ms CreateObjectMapping: 0.100651 ms MarkObjects: 2.161476 ms  DeleteObjects: 0.152222 ms)

========================================================================
Received Prepare
Registering precompiled user dll's ...
Registered in 0.000731 seconds.
Begin MonoManager ReloadAssembly
Native extension for WindowsStandalone target not found
Native extension for OSXStandalone target not found
Native extension for WebGL target not found
Refreshing native plugins compatible for Editor in 0.47 ms, found 2 plugins.
Preloading 0 native plugins for Editor in 0.00 ms.
Mono: successfully reloaded assembly
- Completed reload, in  1.409 seconds
Platform modules already initialized, skipping
Refreshing native plugins compatible for Editor in 0.43 ms, found 2 plugins.
Preloading 0 native plugins for Editor in 0.00 ms.
Unloading 1810 Unused Serialized files (Serialized files now loaded: 0)
System memory in use before: 160.4 MB.
System memory in use after: 160.4 MB.

Unloading 12 unused Assets to reduce memory usage. Loaded Objects now: 2340.
Total: 2.710544 ms (FindLiveObjects: 0.316541 ms CreateObjectMapping: 0.128535 ms MarkObjects: 2.122067 ms  DeleteObjects: 0.141823 ms)

========================================================================
Received Import Request.
  Time since last request: 222.907223 seconds.
  path: Assets/Levels/Enemys
  artifactKey: Guid(e03a3637fd6314424a91d35d9af18f6c) Importer(815301076,1909f56bfc062723c751e8b465ee728b)
Start importing Assets/Levels/Enemys using Guid(e03a3637fd6314424a91d35d9af18f6c) Importer(815301076,1909f56bfc062723c751e8b465ee728b)  -> (artifact id: '080fb97f8a9ffc2e390f1b467d3ecf2a') in 0.006269 seconds
  Import took 0.010127 seconds .

========================================================================
Received Import Request.
  Time since last request: 5.910891 seconds.
  path: Assets/Levels/Enemys/Scripts
  artifactKey: Guid(7d27a21f232764f8280dc251fd8611b2) Importer(815301076,1909f56bfc062723c751e8b465ee728b)
Start importing Assets/Levels/Enemys/Scripts using Guid(7d27a21f232764f8280dc251fd8611b2) Importer(815301076,1909f56bfc062723c751e8b465ee728b)  -> (artifact id: 'bd110bc41eeda324b55ac65a108c132e') in 0.001625 seconds
  Import took 0.005977 seconds .

========================================================================
Received Import Request.
  Time since last request: 329.495625 seconds.
  path: Assets/Levels/Enemys/Sprites
  artifactKey: Guid(98933152d73d649a680bdfbb9d186699) Importer(815301076,1909f56bfc062723c751e8b465ee728b)
Start importing Assets/Levels/Enemys/Sprites using Guid(98933152d73d649a680bdfbb9d186699) Importer(815301076,1909f56bfc062723c751e8b465ee728b)  -> (artifact id: '5bbff41ae0ea1826f2f01f07ae2b23ad') in 0.001791 seconds
  Import took 0.006025 seconds .

========================================================================
Received Import Request.
  Time since last request: 11.785311 seconds.
  path: Assets/Levels/Enemys/Materials
  artifactKey: Guid(98933152d73d649a680bdfbb9d186699) Importer(815301076,1909f56bfc062723c751e8b465ee728b)
Start importing Assets/Levels/Enemys/Materials using Guid(98933152d73d649a680bdfbb9d186699) Importer(815301076,1909f56bfc062723c751e8b465ee728b)  -> (artifact id: '5a6cb56b7091890fb34686d13c9a91a8') in 0.001149 seconds
  Import took 0.005803 seconds .

========================================================================
Received Import Request.
  Time since last request: 14.375745 seconds.
  path: Assets/Levels/Enemys/Materials/Jinja.mat
  artifactKey: Guid(fd2ee3b275d2c4969b888119feee495e) Importer(815301076,1909f56bfc062723c751e8b465ee728b)
Start importing Assets/Levels/Enemys/Materials/Jinja.mat using Guid(fd2ee3b275d2c4969b888119feee495e) Importer(815301076,1909f56bfc062723c751e8b465ee728b)  -> (artifact id: '456d0b42a9a3bfd113467ae04fefbc93') in 0.201884 seconds
  Import took 0.206059 seconds .

========================================================================
Received Import Request.
  Time since last request: 164.433044 seconds.
  path: Assets/Levels/Enemys/Scripts/Jinja
  artifactKey: Guid(484b5511548184338ae6f8bd70b16b25) Importer(815301076,1909f56bfc062723c751e8b465ee728b)
Start importing Assets/Levels/Enemys/Scripts/Jinja using Guid(484b5511548184338ae6f8bd70b16b25) Importer(815301076,1909f56bfc062723c751e8b465ee728b)  -> (artifact id: 'e4a610202897ea6b3a6befed99c8d625') in 0.001665 seconds
  Import took 0.005830 seconds .

========================================================================
Received Import Request.
  Time since last request: 8.178811 seconds.
  path: Assets/Levels/Enemys/Scripts/Jinja/JinjaMove.cs
  artifactKey: Guid(0a006f3315d564f5e87e6a48f19f6bec) Importer(815301076,1909f56bfc062723c751e8b465ee728b)
Start importing Assets/Levels/Enemys/Scripts/Jinja/JinjaMove.cs using Guid(0a006f3315d564f5e87e6a48f19f6bec) Importer(815301076,1909f56bfc062723c751e8b465ee728b)  -> (artifact id: '7ff660b1d39b3685bb20d1fba6723d6c') in 0.327682 seconds
  Import took 0.333158 seconds .

========================================================================
Received Prepare
Registering precompiled user dll's ...
Registered in 0.001321 seconds.
Begin MonoManager ReloadAssembly
Native extension for WindowsStandalone target not found
Native extension for OSXStandalone target not found
Native extension for WebGL target not found
Refreshing native plugins compatible for Editor in 0.43 ms, found 2 plugins.
Preloading 0 native plugins for Editor in 0.00 ms.
Mono: successfully reloaded assembly
- Completed reload, in  1.512 seconds
Platform modules already initialized, skipping
Refreshing native plugins compatible for Editor in 0.42 ms, found 2 plugins.
Preloading 0 native plugins for Editor in 0.00 ms.
Unloading 1811 Unused Serialized files (Serialized files now loaded: 0)
System memory in use before: 165.0 MB.
System memory in use after: 165.0 MB.

Unloading 12 unused Assets to reduce memory usage. Loaded Objects now: 2346.
Total: 3.378950 ms (FindLiveObjects: 0.356116 ms CreateObjectMapping: 0.079631 ms MarkObjects: 2.777315 ms  DeleteObjects: 0.163441 ms)

========================================================================
Received Prepare
Registering precompiled user dll's ...
Registered in 0.000995 seconds.
Begin MonoManager ReloadAssembly
Native extension for WindowsStandalone target not found
Native extension for OSXStandalone target not found
Native extension for WebGL target not found
Refreshing native plugins compatible for Editor in 0.44 ms, found 2 plugins.
Preloading 0 native plugins for Editor in 0.00 ms.
Mono: successfully reloaded assembly
- Completed reload, in  1.454 seconds
Platform modules already initialized, skipping
Refreshing native plugins compatible for Editor in 0.48 ms, found 2 plugins.
Preloading 0 native plugins for Editor in 0.00 ms.
Unloading 1811 Unused Serialized files (Serialized files now loaded: 0)
System memory in use before: 165.2 MB.
System memory in use after: 165.2 MB.

Unloading 12 unused Assets to reduce memory usage. Loaded Objects now: 2350.
Total: 2.735362 ms (FindLiveObjects: 0.268974 ms CreateObjectMapping: 0.072110 ms MarkObjects: 2.241455 ms  DeleteObjects: 0.150472 ms)

========================================================================
Received Import Request.
  Time since last request: 534.391259 seconds.
  path: Assets/Levels/Enemys/Scripts/Jinja/JinjaMove.cs
  artifactKey: Guid(0a006f3315d564f5e87e6a48f19f6bec) Importer(815301076,1909f56bfc062723c751e8b465ee728b)
Start importing Assets/Levels/Enemys/Scripts/Jinja/JinjaMove.cs using Guid(0a006f3315d564f5e87e6a48f19f6bec) Importer(815301076,1909f56bfc062723c751e8b465ee728b)  -> (artifact id: 'c70ff0fcef43375b5b82b522de6b8d93') in 0.005157 seconds
  Import took 0.009141 seconds .

========================================================================
Received Import Request.
  Time since last request: 1040.174272 seconds.
  path: Assets/Levels/Enemys/Scripts/Jinja/JinjaMove.cs
  artifactKey: Guid(0a006f3315d564f5e87e6a48f19f6bec) Importer(815301076,1909f56bfc062723c751e8b465ee728b)
Start importing Assets/Levels/Enemys/Scripts/Jinja/JinjaMove.cs using Guid(0a006f3315d564f5e87e6a48f19f6bec) Importer(815301076,1909f56bfc062723c751e8b465ee728b)  -> (artifact id: '4c92946ef3c069b507fe4365c2f56572') in 0.001875 seconds
  Import took 0.007335 seconds .

========================================================================
Received Prepare
Registering precompiled user dll's ...
Registered in 0.001212 seconds.
Begin MonoManager ReloadAssembly
Native extension for WindowsStandalone target not found
Native extension for OSXStandalone target not found
Native extension for WebGL target not found
Refreshing native plugins compatible for Editor in 0.50 ms, found 2 plugins.
Preloading 0 native plugins for Editor in 0.00 ms.
Mono: successfully reloaded assembly
- Completed reload, in  2.086 seconds
Platform modules already initialized, skipping
Refreshing native plugins compatible for Editor in 0.44 ms, found 2 plugins.
Preloading 0 native plugins for Editor in 0.00 ms.
Unloading 1693 Unused Serialized files (Serialized files now loaded: 0)
System memory in use before: 162.2 MB.
System memory in use after: 162.2 MB.

Unloading 12 unused Assets to reduce memory usage. Loaded Objects now: 2354.
Total: 3.883887 ms (FindLiveObjects: 0.326882 ms CreateObjectMapping: 0.171210 ms MarkObjects: 3.128267 ms  DeleteObjects: 0.256086 ms)

========================================================================
Received Prepare
Registering precompiled user dll's ...
Registered in 0.000673 seconds.
Begin MonoManager ReloadAssembly
Native extension for WindowsStandalone target not found
Native extension for OSXStandalone target not found
Native extension for WebGL target not found
Refreshing native plugins compatible for Editor in 0.40 ms, found 2 plugins.
Preloading 0 native plugins for Editor in 0.00 ms.
Mono: successfully reloaded assembly
- Completed reload, in  1.330 seconds
Platform modules already initialized, skipping
Refreshing native plugins compatible for Editor in 0.40 ms, found 2 plugins.
Preloading 0 native plugins for Editor in 0.00 ms.
Unloading 1693 Unused Serialized files (Serialized files now loaded: 0)
System memory in use before: 162.4 MB.
System memory in use after: 162.4 MB.

Unloading 12 unused Assets to reduce memory usage. Loaded Objects now: 2358.
Total: 2.564861 ms (FindLiveObjects: 0.213328 ms CreateObjectMapping: 0.070065 ms MarkObjects: 2.134825 ms  DeleteObjects: 0.145278 ms)

========================================================================
Received Prepare
Registering precompiled user dll's ...
Registered in 0.000661 seconds.
Begin MonoManager ReloadAssembly
Native extension for WindowsStandalone target not found
Native extension for OSXStandalone target not found
Native extension for WebGL target not found
Refreshing native plugins compatible for Editor in 0.40 ms, found 2 plugins.
Preloading 0 native plugins for Editor in 0.00 ms.
Mono: successfully reloaded assembly
- Completed reload, in  1.339 seconds
Platform modules already initialized, skipping
Refreshing native plugins compatible for Editor in 0.53 ms, found 2 plugins.
Preloading 0 native plugins for Editor in 0.00 ms.
Unloading 1693 Unused Serialized files (Serialized files now loaded: 0)
System memory in use before: 162.6 MB.
System memory in use after: 162.6 MB.

Unloading 12 unused Assets to reduce memory usage. Loaded Objects now: 2362.
Total: 2.333341 ms (FindLiveObjects: 0.257447 ms CreateObjectMapping: 0.069403 ms MarkObjects: 1.866951 ms  DeleteObjects: 0.137881 ms)

========================================================================
Received Prepare
Registering precompiled user dll's ...
Registered in 0.000686 seconds.
Begin MonoManager ReloadAssembly
Native extension for WindowsStandalone target not found
Native extension for OSXStandalone target not found
Native extension for WebGL target not found
Refreshing native plugins compatible for Editor in 0.44 ms, found 2 plugins.
Preloading 0 native plugins for Editor in 0.00 ms.
Mono: successfully reloaded assembly
- Completed reload, in  1.365 seconds
Platform modules already initialized, skipping
Refreshing native plugins compatible for Editor in 0.39 ms, found 2 plugins.
Preloading 0 native plugins for Editor in 0.00 ms.
Unloading 1693 Unused Serialized files (Serialized files now loaded: 0)
System memory in use before: 162.8 MB.
System memory in use after: 162.8 MB.

Unloading 12 unused Assets to reduce memory usage. Loaded Objects now: 2366.
Total: 2.562406 ms (FindLiveObjects: 0.255312 ms CreateObjectMapping: 0.069552 ms MarkObjects: 2.084044 ms  DeleteObjects: 0.151313 ms)

========================================================================
Received Prepare
Registering precompiled user dll's ...
Registered in 0.000694 seconds.
Begin MonoManager ReloadAssembly
Native extension for WindowsStandalone target not found
Native extension for OSXStandalone target not found
Native extension for WebGL target not found
Refreshing native plugins compatible for Editor in 0.38 ms, found 2 plugins.
Preloading 0 native plugins for Editor in 0.00 ms.
Mono: successfully reloaded assembly
- Completed reload, in  1.293 seconds
Platform modules already initialized, skipping
Refreshing native plugins compatible for Editor in 0.39 ms, found 2 plugins.
Preloading 0 native plugins for Editor in 0.00 ms.
Unloading 1693 Unused Serialized files (Serialized files now loaded: 0)
System memory in use before: 163.0 MB.
System memory in use after: 163.0 MB.

Unloading 12 unused Assets to reduce memory usage. Loaded Objects now: 2370.
Total: 2.552653 ms (FindLiveObjects: 0.238357 ms CreateObjectMapping: 0.112150 ms MarkObjects: 2.023284 ms  DeleteObjects: 0.177560 ms)

========================================================================
Received Prepare
Registering precompiled user dll's ...
Registered in 0.000844 seconds.
Begin MonoManager ReloadAssembly
Native extension for WindowsStandalone target not found
Native extension for OSXStandalone target not found
Native extension for WebGL target not found
Refreshing native plugins compatible for Editor in 0.39 ms, found 2 plugins.
Preloading 0 native plugins for Editor in 0.00 ms.
Mono: successfully reloaded assembly
- Completed reload, in  1.321 seconds
Platform modules already initialized, skipping
Refreshing native plugins compatible for Editor in 0.39 ms, found 2 plugins.
Preloading 0 native plugins for Editor in 0.00 ms.
Unloading 1693 Unused Serialized files (Serialized files now loaded: 0)
System memory in use before: 163.2 MB.
System memory in use after: 163.2 MB.

Unloading 12 unused Assets to reduce memory usage. Loaded Objects now: 2374.
Total: 2.359482 ms (FindLiveObjects: 0.221493 ms CreateObjectMapping: 0.068956 ms MarkObjects: 1.922669 ms  DeleteObjects: 0.145104 ms)

========================================================================
Received Prepare
Registering precompiled user dll's ...
Registered in 0.000658 seconds.
Begin MonoManager ReloadAssembly
Native extension for WindowsStandalone target not found
Native extension for OSXStandalone target not found
Native extension for WebGL target not found
Refreshing native plugins compatible for Editor in 0.38 ms, found 2 plugins.
Preloading 0 native plugins for Editor in 0.00 ms.
Mono: successfully reloaded assembly
- Completed reload, in  1.327 seconds
Platform modules already initialized, skipping
Refreshing native plugins compatible for Editor in 0.39 ms, found 2 plugins.
Preloading 0 native plugins for Editor in 0.00 ms.
Unloading 1693 Unused Serialized files (Serialized files now loaded: 0)
System memory in use before: 163.4 MB.
System memory in use after: 163.4 MB.

Unloading 12 unused Assets to reduce memory usage. Loaded Objects now: 2378.
Total: 2.472367 ms (FindLiveObjects: 0.264327 ms CreateObjectMapping: 0.076357 ms MarkObjects: 1.989125 ms  DeleteObjects: 0.141013 ms)

========================================================================
Received Prepare
Registering precompiled user dll's ...
Registered in 0.000656 seconds.
Begin MonoManager ReloadAssembly
Native extension for WindowsStandalone target not found
Native extension for OSXStandalone target not found
Native extension for WebGL target not found
Refreshing native plugins compatible for Editor in 0.42 ms, found 2 plugins.
Preloading 0 native plugins for Editor in 0.00 ms.
Mono: successfully reloaded assembly
- Completed reload, in  1.310 seconds
Platform modules already initialized, skipping
Refreshing native plugins compatible for Editor in 0.41 ms, found 2 plugins.
Preloading 0 native plugins for Editor in 0.00 ms.
Unloading 1693 Unused Serialized files (Serialized files now loaded: 0)
System memory in use before: 163.5 MB.
System memory in use after: 163.5 MB.

Unloading 12 unused Assets to reduce memory usage. Loaded Objects now: 2382.
Total: 2.465742 ms (FindLiveObjects: 0.329692 ms CreateObjectMapping: 0.081608 ms MarkObjects: 1.898944 ms  DeleteObjects: 0.153268 ms)

========================================================================
Received Prepare
Registering precompiled user dll's ...
Registered in 0.001046 seconds.
Begin MonoManager ReloadAssembly
Native extension for WindowsStandalone target not found
Native extension for OSXStandalone target not found
Native extension for WebGL target not found
Refreshing native plugins compatible for Editor in 0.45 ms, found 2 plugins.
Preloading 0 native plugins for Editor in 0.00 ms.
Mono: successfully reloaded assembly
- Completed reload, in  1.953 seconds
Platform modules already initialized, skipping
Refreshing native plugins compatible for Editor in 0.43 ms, found 2 plugins.
Preloading 0 native plugins for Editor in 0.00 ms.
Unloading 1693 Unused Serialized files (Serialized files now loaded: 0)
System memory in use before: 163.8 MB.
System memory in use after: 163.7 MB.

Unloading 12 unused Assets to reduce memory usage. Loaded Objects now: 2386.
Total: 3.377675 ms (FindLiveObjects: 0.520398 ms CreateObjectMapping: 0.189174 ms MarkObjects: 2.501077 ms  DeleteObjects: 0.164719 ms)

========================================================================
Received Prepare
Registering precompiled user dll's ...
Registered in 0.000824 seconds.
Begin MonoManager ReloadAssembly
Native extension for WindowsStandalone target not found
Native extension for OSXStandalone target not found
Native extension for WebGL target not found
Refreshing native plugins compatible for Editor in 0.38 ms, found 2 plugins.
Preloading 0 native plugins for Editor in 0.00 ms.
Mono: successfully reloaded assembly
- Completed reload, in  1.342 seconds
Platform modules already initialized, skipping
Refreshing native plugins compatible for Editor in 0.40 ms, found 2 plugins.
Preloading 0 native plugins for Editor in 0.00 ms.
Unloading 1693 Unused Serialized files (Serialized files now loaded: 0)
System memory in use before: 164.0 MB.
System memory in use after: 163.9 MB.

Unloading 12 unused Assets to reduce memory usage. Loaded Objects now: 2390.
Total: 2.413408 ms (FindLiveObjects: 0.288135 ms CreateObjectMapping: 0.077518 ms MarkObjects: 1.897749 ms  DeleteObjects: 0.148001 ms)

========================================================================
Received Prepare
Registering precompiled user dll's ...
Registered in 0.000632 seconds.
Begin MonoManager ReloadAssembly
Native extension for WindowsStandalone target not found
Native extension for OSXStandalone target not found
Native extension for WebGL target not found
Refreshing native plugins compatible for Editor in 0.38 ms, found 2 plugins.
Preloading 0 native plugins for Editor in 0.00 ms.
Mono: successfully reloaded assembly
- Completed reload, in  1.347 seconds
Platform modules already initialized, skipping
Refreshing native plugins compatible for Editor in 0.37 ms, found 2 plugins.
Preloading 0 native plugins for Editor in 0.00 ms.
Unloading 1693 Unused Serialized files (Serialized files now loaded: 0)
System memory in use before: 164.1 MB.
System memory in use after: 164.1 MB.

Unloading 12 unused Assets to reduce memory usage. Loaded Objects now: 2394.
Total: 2.554802 ms (FindLiveObjects: 0.318160 ms CreateObjectMapping: 0.090793 ms MarkObjects: 1.954152 ms  DeleteObjects: 0.189384 ms)

========================================================================
Received Prepare
Registering precompiled user dll's ...
Registered in 0.000720 seconds.
Begin MonoManager ReloadAssembly
Native extension for WindowsStandalone target not found
Native extension for OSXStandalone target not found
Native extension for WebGL target not found
Refreshing native plugins compatible for Editor in 0.50 ms, found 2 plugins.
Preloading 0 native plugins for Editor in 0.00 ms.
Mono: successfully reloaded assembly
- Completed reload, in  1.736 seconds
Platform modules already initialized, skipping
Refreshing native plugins compatible for Editor in 0.44 ms, found 2 plugins.
Preloading 0 native plugins for Editor in 0.00 ms.
Unloading 1693 Unused Serialized files (Serialized files now loaded: 0)
System memory in use before: 164.3 MB.
System memory in use after: 164.3 MB.

Unloading 12 unused Assets to reduce memory usage. Loaded Objects now: 2398.
Total: 2.711701 ms (FindLiveObjects: 0.396155 ms CreateObjectMapping: 0.085716 ms MarkObjects: 2.075104 ms  DeleteObjects: 0.152575 ms)

========================================================================
Received Prepare
Registering precompiled user dll's ...
Registered in 0.000646 seconds.
Begin MonoManager ReloadAssembly
Native extension for WindowsStandalone target not found
Native extension for OSXStandalone target not found
Native extension for WebGL target not found
Refreshing native plugins compatible for Editor in 0.41 ms, found 2 plugins.
Preloading 0 native plugins for Editor in 0.00 ms.
Mono: successfully reloaded assembly
- Completed reload, in  1.388 seconds
Platform modules already initialized, skipping
Refreshing native plugins compatible for Editor in 0.39 ms, found 2 plugins.
Preloading 0 native plugins for Editor in 0.00 ms.
Unloading 1693 Unused Serialized files (Serialized files now loaded: 0)
System memory in use before: 164.5 MB.
System memory in use after: 164.5 MB.

Unloading 12 unused Assets to reduce memory usage. Loaded Objects now: 2402.
Total: 2.448641 ms (FindLiveObjects: 0.225053 ms CreateObjectMapping: 0.090353 ms MarkObjects: 1.988108 ms  DeleteObjects: 0.143751 ms)

========================================================================
Received Prepare
Registering precompiled user dll's ...
Registered in 0.000705 seconds.
Begin MonoManager ReloadAssembly
Native extension for WindowsStandalone target not found
Native extension for OSXStandalone target not found
Native extension for WebGL target not found
Refreshing native plugins compatible for Editor in 0.39 ms, found 2 plugins.
Preloading 0 native plugins for Editor in 0.00 ms.
Mono: successfully reloaded assembly
- Completed reload, in  1.347 seconds
Platform modules already initialized, skipping
Refreshing native plugins compatible for Editor in 0.38 ms, found 2 plugins.
Preloading 0 native plugins for Editor in 0.00 ms.
Unloading 1693 Unused Serialized files (Serialized files now loaded: 0)
System memory in use before: 164.7 MB.
System memory in use after: 164.7 MB.

Unloading 12 unused Assets to reduce memory usage. Loaded Objects now: 2406.
Total: 2.636912 ms (FindLiveObjects: 0.254699 ms CreateObjectMapping: 0.067409 ms MarkObjects: 2.165597 ms  DeleteObjects: 0.147207 ms)

========================================================================
Received Import Request.
  Time since last request: 971.212690 seconds.
  path: Assets/Levels/Enemys/Scripts/Jinja/KillJinja.cs
  artifactKey: Guid(281e82b41fe6e4c0c9880c6247120797) Importer(815301076,1909f56bfc062723c751e8b465ee728b)
Start importing Assets/Levels/Enemys/Scripts/Jinja/KillJinja.cs using Guid(281e82b41fe6e4c0c9880c6247120797) Importer(815301076,1909f56bfc062723c751e8b465ee728b)  -> (artifact id: '17ec915cf0b8ff9611f087445995d4ef') in 0.006905 seconds
  Import took 0.010632 seconds .

========================================================================
Received Prepare
Registering precompiled user dll's ...
Registered in 0.000703 seconds.
Begin MonoManager ReloadAssembly
Native extension for WindowsStandalone target not found
Native extension for OSXStandalone target not found
Native extension for WebGL target not found
Refreshing native plugins compatible for Editor in 0.47 ms, found 2 plugins.
Preloading 0 native plugins for Editor in 0.00 ms.
Mono: successfully reloaded assembly
- Completed reload, in  1.691 seconds
Platform modules already initialized, skipping
Refreshing native plugins compatible for Editor in 0.41 ms, found 2 plugins.
Preloading 0 native plugins for Editor in 0.00 ms.
Unloading 1694 Unused Serialized files (Serialized files now loaded: 0)
System memory in use before: 164.9 MB.
System memory in use after: 164.9 MB.

Unloading 12 unused Assets to reduce memory usage. Loaded Objects now: 2411.
Total: 2.441778 ms (FindLiveObjects: 0.287303 ms CreateObjectMapping: 0.071712 ms MarkObjects: 1.931763 ms  DeleteObjects: 0.149119 ms)

========================================================================
Received Prepare
Registering precompiled user dll's ...
Registered in 0.000747 seconds.
Begin MonoManager ReloadAssembly
Native extension for WindowsStandalone target not found
Native extension for OSXStandalone target not found
Native extension for WebGL target not found
Refreshing native plugins compatible for Editor in 0.39 ms, found 2 plugins.
Preloading 0 native plugins for Editor in 0.00 ms.
Mono: successfully reloaded assembly
- Completed reload, in  1.377 seconds
Platform modules already initialized, skipping
Refreshing native plugins compatible for Editor in 0.39 ms, found 2 plugins.
Preloading 0 native plugins for Editor in 0.00 ms.
Unloading 1694 Unused Serialized files (Serialized files now loaded: 0)
System memory in use before: 165.1 MB.
System memory in use after: 165.1 MB.

Unloading 12 unused Assets to reduce memory usage. Loaded Objects now: 2415.
Total: 2.510049 ms (FindLiveObjects: 0.271487 ms CreateObjectMapping: 0.073973 ms MarkObjects: 2.004406 ms  DeleteObjects: 0.158297 ms)

========================================================================
Received Prepare
Registering precompiled user dll's ...
Registered in 0.000595 seconds.
Begin MonoManager ReloadAssembly
Native extension for WindowsStandalone target not found
Native extension for OSXStandalone target not found
Native extension for WebGL target not found
Refreshing native plugins compatible for Editor in 0.39 ms, found 2 plugins.
Preloading 0 native plugins for Editor in 0.00 ms.
Mono: successfully reloaded assembly
- Completed reload, in  1.405 seconds
Platform modules already initialized, skipping
Refreshing native plugins compatible for Editor in 0.39 ms, found 2 plugins.
Preloading 0 native plugins for Editor in 0.00 ms.
Unloading 1694 Unused Serialized files (Serialized files now loaded: 0)
System memory in use before: 165.3 MB.
System memory in use after: 165.3 MB.

Unloading 12 unused Assets to reduce memory usage. Loaded Objects now: 2419.
Total: 2.881909 ms (FindLiveObjects: 0.322334 ms CreateObjectMapping: 0.155673 ms MarkObjects: 2.264267 ms  DeleteObjects: 0.138513 ms)

========================================================================
Received Import Request.
  Time since last request: 169.325575 seconds.
  path: Assets/Levels/Enemys/Scripts/Jinja/KillJinja.cs
  artifactKey: Guid(281e82b41fe6e4c0c9880c6247120797) Importer(815301076,1909f56bfc062723c751e8b465ee728b)
Start importing Assets/Levels/Enemys/Scripts/Jinja/KillJinja.cs using Guid(281e82b41fe6e4c0c9880c6247120797) Importer(815301076,1909f56bfc062723c751e8b465ee728b)  -> (artifact id: '1759bcf7cf8eb3ed87af97cafe0ee24c') in 0.007098 seconds
  Import took 0.010753 seconds .

========================================================================
Received Import Request.
  Time since last request: 0.002481 seconds.
  path: Assets/Levels/Enemys/Scripts/Jinja/KillJinja.cs
  artifactKey: Guid(281e82b41fe6e4c0c9880c6247120797) Importer(815301076,1909f56bfc062723c751e8b465ee728b)
Start importing Assets/Levels/Enemys/Scripts/Jinja/KillJinja.cs using Guid(281e82b41fe6e4c0c9880c6247120797) Importer(815301076,1909f56bfc062723c751e8b465ee728b)  -> (artifact id: '1759bcf7cf8eb3ed87af97cafe0ee24c') in 0.002223 seconds
  Import took 0.006609 seconds .

========================================================================
Received Import Request.
  Time since last request: 1.173860 seconds.
  path: Assets/Levels/Enemys/Scripts/Jinja/JinjaMove.cs
  artifactKey: Guid(0a006f3315d564f5e87e6a48f19f6bec) Importer(815301076,1909f56bfc062723c751e8b465ee728b)
Start importing Assets/Levels/Enemys/Scripts/Jinja/JinjaMove.cs using Guid(0a006f3315d564f5e87e6a48f19f6bec) Importer(815301076,1909f56bfc062723c751e8b465ee728b)  -> (artifact id: '9e5faadaa4f1cc2f0eef7ab79e0d88f6') in 0.002939 seconds
  Import took 0.007514 seconds .

========================================================================
Received Import Request.
  Time since last request: 0.037717 seconds.
  path: Assets/Levels/Enemys/Scripts/Jinja/JinjaMove.cs
  artifactKey: Guid(0a006f3315d564f5e87e6a48f19f6bec) Importer(815301076,1909f56bfc062723c751e8b465ee728b)
Start importing Assets/Levels/Enemys/Scripts/Jinja/JinjaMove.cs using Guid(0a006f3315d564f5e87e6a48f19f6bec) Importer(815301076,1909f56bfc062723c751e8b465ee728b)  -> (artifact id: '9e5faadaa4f1cc2f0eef7ab79e0d88f6') in 0.001858 seconds
  Import took 0.005825 seconds .

========================================================================
Received Prepare
Registering precompiled user dll's ...
Registered in 0.000640 seconds.
Begin MonoManager ReloadAssembly
Native extension for WindowsStandalone target not found
Native extension for OSXStandalone target not found
Native extension for WebGL target not found
Refreshing native plugins compatible for Editor in 0.38 ms, found 2 plugins.
Preloading 0 native plugins for Editor in 0.00 ms.
Mono: successfully reloaded assembly
- Completed reload, in  1.355 seconds
Platform modules already initialized, skipping
Refreshing native plugins compatible for Editor in 0.37 ms, found 2 plugins.
Preloading 0 native plugins for Editor in 0.00 ms.
Unloading 1694 Unused Serialized files (Serialized files now loaded: 0)
System memory in use before: 165.5 MB.
System memory in use after: 165.5 MB.

Unloading 12 unused Assets to reduce memory usage. Loaded Objects now: 2423.
Total: 2.495967 ms (FindLiveObjects: 0.327390 ms CreateObjectMapping: 0.076677 ms MarkObjects: 1.932133 ms  DeleteObjects: 0.155770 ms)

========================================================================
Received Prepare
Registering precompiled user dll's ...
Registered in 0.000642 seconds.
Begin MonoManager ReloadAssembly
Native extension for WindowsStandalone target not found
Native extension for OSXStandalone target not found
Native extension for WebGL target not found
Refreshing native plugins compatible for Editor in 0.38 ms, found 2 plugins.
Preloading 0 native plugins for Editor in 0.00 ms.
Mono: successfully reloaded assembly
- Completed reload, in  1.334 seconds
Platform modules already initialized, skipping
Refreshing native plugins compatible for Editor in 0.39 ms, found 2 plugins.
Preloading 0 native plugins for Editor in 0.00 ms.
Unloading 1694 Unused Serialized files (Serialized files now loaded: 0)
System memory in use before: 165.7 MB.
System memory in use after: 165.7 MB.

Unloading 12 unused Assets to reduce memory usage. Loaded Objects now: 2427.
Total: 2.346756 ms (FindLiveObjects: 0.219744 ms CreateObjectMapping: 0.070841 ms MarkObjects: 1.910774 ms  DeleteObjects: 0.144017 ms)

========================================================================
Received Prepare
Registering precompiled user dll's ...
Registered in 0.000704 seconds.
Begin MonoManager ReloadAssembly
Native extension for WindowsStandalone target not found
Native extension for OSXStandalone target not found
Native extension for WebGL target not found
Refreshing native plugins compatible for Editor in 0.41 ms, found 2 plugins.
Preloading 0 native plugins for Editor in 0.00 ms.
Mono: successfully reloaded assembly
- Completed reload, in  1.411 seconds
Platform modules already initialized, skipping
Refreshing native plugins compatible for Editor in 0.38 ms, found 2 plugins.
Preloading 0 native plugins for Editor in 0.00 ms.
Unloading 1694 Unused Serialized files (Serialized files now loaded: 0)
System memory in use before: 165.9 MB.
System memory in use after: 165.9 MB.

Unloading 12 unused Assets to reduce memory usage. Loaded Objects now: 2431.
Total: 2.633495 ms (FindLiveObjects: 0.284756 ms CreateObjectMapping: 0.081734 ms MarkObjects: 2.121303 ms  DeleteObjects: 0.144302 ms)

========================================================================
Received Prepare
Registering precompiled user dll's ...
Registered in 0.000628 seconds.
Begin MonoManager ReloadAssembly
Native extension for WindowsStandalone target not found
Native extension for OSXStandalone target not found
Native extension for WebGL target not found
Refreshing native plugins compatible for Editor in 0.38 ms, found 2 plugins.
Preloading 0 native plugins for Editor in 0.00 ms.
Mono: successfully reloaded assembly
- Completed reload, in  1.364 seconds
Platform modules already initialized, skipping
Refreshing native plugins compatible for Editor in 0.37 ms, found 2 plugins.
Preloading 0 native plugins for Editor in 0.00 ms.
Unloading 1694 Unused Serialized files (Serialized files now loaded: 0)
System memory in use before: 166.1 MB.
System memory in use after: 166.1 MB.

Unloading 12 unused Assets to reduce memory usage. Loaded Objects now: 2435.
Total: 2.291010 ms (FindLiveObjects: 0.271967 ms CreateObjectMapping: 0.066216 ms MarkObjects: 1.803821 ms  DeleteObjects: 0.146309 ms)

========================================================================
Received Prepare
Registering precompiled user dll's ...
Registered in 0.000658 seconds.
Begin MonoManager ReloadAssembly
Native extension for WindowsStandalone target not found
Native extension for OSXStandalone target not found
Native extension for WebGL target not found
Refreshing native plugins compatible for Editor in 0.39 ms, found 2 plugins.
Preloading 0 native plugins for Editor in 0.00 ms.
Mono: successfully reloaded assembly
- Completed reload, in  1.349 seconds
Platform modules already initialized, skipping
Refreshing native plugins compatible for Editor in 0.39 ms, found 2 plugins.
Preloading 0 native plugins for Editor in 0.00 ms.
Unloading 1694 Unused Serialized files (Serialized files now loaded: 0)
System memory in use before: 166.3 MB.
System memory in use after: 166.3 MB.

Unloading 12 unused Assets to reduce memory usage. Loaded Objects now: 2439.
Total: 2.556163 ms (FindLiveObjects: 0.279350 ms CreateObjectMapping: 0.078396 ms MarkObjects: 2.037278 ms  DeleteObjects: 0.159115 ms)

========================================================================
Received Import Request.
  Time since last request: 447.117463 seconds.
  path: ProjectSettings/TagManager.asset
  artifactKey: Guid(00000000000000003000000000000000) Importer(815301076,1909f56bfc062723c751e8b465ee728b)
Start importing ProjectSettings/TagManager.asset using Guid(00000000000000003000000000000000) Importer(815301076,1909f56bfc062723c751e8b465ee728b)  -> (artifact id: '43badd85bdab1aa5cc42eb606761bb3c') in 0.208798 seconds
  Import took 0.213147 seconds .

========================================================================
Received Prepare
Registering precompiled user dll's ...
Registered in 0.000735 seconds.
Begin MonoManager ReloadAssembly
Native extension for WindowsStandalone target not found
Native extension for OSXStandalone target not found
Native extension for WebGL target not found
Refreshing native plugins compatible for Editor in 0.41 ms, found 2 plugins.
Preloading 0 native plugins for Editor in 0.00 ms.
Mono: successfully reloaded assembly
- Completed reload, in  1.341 seconds
Platform modules already initialized, skipping
Script error (KillJinja): Update() can not take parameters.

Refreshing native plugins compatible for Editor in 0.40 ms, found 2 plugins.
Preloading 0 native plugins for Editor in 0.00 ms.
Unloading 1694 Unused Serialized files (Serialized files now loaded: 0)
System memory in use before: 170.8 MB.
System memory in use after: 170.8 MB.

Unloading 13 unused Assets to reduce memory usage. Loaded Objects now: 2443.
Total: 3.045394 ms (FindLiveObjects: 0.243091 ms CreateObjectMapping: 0.067030 ms MarkObjects: 2.566069 ms  DeleteObjects: 0.167449 ms)

========================================================================
Received Prepare
Registering precompiled user dll's ...
Registered in 0.000654 seconds.
Begin MonoManager ReloadAssembly
Native extension for WindowsStandalone target not found
Native extension for OSXStandalone target not found
Native extension for WebGL target not found
Refreshing native plugins compatible for Editor in 0.38 ms, found 2 plugins.
Preloading 0 native plugins for Editor in 0.00 ms.
Mono: successfully reloaded assembly
- Completed reload, in  1.335 seconds
Platform modules already initialized, skipping
Refreshing native plugins compatible for Editor in 0.44 ms, found 2 plugins.
Preloading 0 native plugins for Editor in 0.00 ms.
Unloading 1694 Unused Serialized files (Serialized files now loaded: 0)
System memory in use before: 170.9 MB.
System memory in use after: 170.9 MB.

Unloading 12 unused Assets to reduce memory usage. Loaded Objects now: 2447.
Total: 2.563454 ms (FindLiveObjects: 0.336299 ms CreateObjectMapping: 0.121823 ms MarkObjects: 1.951023 ms  DeleteObjects: 0.152009 ms)

========================================================================
Received Prepare
Registering precompiled user dll's ...
Registered in 0.001649 seconds.
Begin MonoManager ReloadAssembly
Native extension for WindowsStandalone target not found
Native extension for OSXStandalone target not found
Native extension for WebGL target not found
Refreshing native plugins compatible for Editor in 0.54 ms, found 2 plugins.
Preloading 0 native plugins for Editor in 0.00 ms.
Mono: successfully reloaded assembly
- Completed reload, in  1.454 seconds
Platform modules already initialized, skipping
Refreshing native plugins compatible for Editor in 0.40 ms, found 2 plugins.
Preloading 0 native plugins for Editor in 0.00 ms.
Unloading 1694 Unused Serialized files (Serialized files now loaded: 0)
System memory in use before: 171.1 MB.
System memory in use after: 171.1 MB.

Unloading 12 unused Assets to reduce memory usage. Loaded Objects now: 2451.
Total: 2.795260 ms (FindLiveObjects: 0.377242 ms CreateObjectMapping: 0.106791 ms MarkObjects: 2.103363 ms  DeleteObjects: 0.205718 ms)

========================================================================
Received Prepare
Registering precompiled user dll's ...
Registered in 0.000704 seconds.
Begin MonoManager ReloadAssembly
Native extension for WindowsStandalone target not found
Native extension for OSXStandalone target not found
Native extension for WebGL target not found
Refreshing native plugins compatible for Editor in 0.40 ms, found 2 plugins.
Preloading 0 native plugins for Editor in 0.00 ms.
Mono: successfully reloaded assembly
- Completed reload, in  1.420 seconds
Platform modules already initialized, skipping
Refreshing native plugins compatible for Editor in 0.40 ms, found 2 plugins.
Preloading 0 native plugins for Editor in 0.00 ms.
Unloading 1694 Unused Serialized files (Serialized files now loaded: 0)
System memory in use before: 171.4 MB.
System memory in use after: 171.3 MB.

Unloading 12 unused Assets to reduce memory usage. Loaded Objects now: 2455.
Total: 3.339998 ms (FindLiveObjects: 0.394210 ms CreateObjectMapping: 0.169156 ms MarkObjects: 2.575472 ms  DeleteObjects: 0.199601 ms)

========================================================================
Received Import Request.
  Time since last request: 1411.032141 seconds.
  path: Assets/Levels/Enemys/Scripts/Jinja/KillJinja.cs
  artifactKey: Guid(281e82b41fe6e4c0c9880c6247120797) Importer(815301076,1909f56bfc062723c751e8b465ee728b)
Start importing Assets/Levels/Enemys/Scripts/Jinja/KillJinja.cs using Guid(281e82b41fe6e4c0c9880c6247120797) Importer(815301076,1909f56bfc062723c751e8b465ee728b)  -> (artifact id: 'eed4e43ce27283329913caed3807d54a') in 0.010081 seconds
  Import took 0.014842 seconds .

========================================================================
Received Prepare
Registering precompiled user dll's ...
Registered in 0.000681 seconds.
Begin MonoManager ReloadAssembly
Native extension for WindowsStandalone target not found
Native extension for OSXStandalone target not found
Native extension for WebGL target not found
Refreshing native plugins compatible for Editor in 0.38 ms, found 2 plugins.
Preloading 0 native plugins for Editor in 0.00 ms.
Mono: successfully reloaded assembly
- Completed reload, in  1.336 seconds
Platform modules already initialized, skipping
Refreshing native plugins compatible for Editor in 0.38 ms, found 2 plugins.
Preloading 0 native plugins for Editor in 0.00 ms.
Unloading 1693 Unused Serialized files (Serialized files now loaded: 0)
System memory in use before: 171.6 MB.
System memory in use after: 171.5 MB.

Unloading 13 unused Assets to reduce memory usage. Loaded Objects now: 2458.
Total: 2.433255 ms (FindLiveObjects: 0.255719 ms CreateObjectMapping: 0.067016 ms MarkObjects: 1.949556 ms  DeleteObjects: 0.157054 ms)

========================================================================
Received Import Request.
  Time since last request: 6.697739 seconds.
  path: Assets/Levels/Enemys/Scripts/Jinja/JinjaMove.cs
  artifactKey: Guid(0a006f3315d564f5e87e6a48f19f6bec) Importer(815301076,1909f56bfc062723c751e8b465ee728b)
Start importing Assets/Levels/Enemys/Scripts/Jinja/JinjaMove.cs using Guid(0a006f3315d564f5e87e6a48f19f6bec) Importer(815301076,1909f56bfc062723c751e8b465ee728b)  -> (artifact id: '9d9adef380dae60c6f9bf2cf85850457') in 0.006337 seconds
  Import took 0.010710 seconds .

========================================================================
Received Prepare
Registering precompiled user dll's ...
Registered in 0.001121 seconds.
Begin MonoManager ReloadAssembly
Native extension for WindowsStandalone target not found
Native extension for OSXStandalone target not found
Native extension for WebGL target not found
Refreshing native plugins compatible for Editor in 0.45 ms, found 2 plugins.
Preloading 0 native plugins for Editor in 0.00 ms.
Mono: successfully reloaded assembly
- Completed reload, in  1.737 seconds
Platform modules already initialized, skipping
Refreshing native plugins compatible for Editor in 0.52 ms, found 2 plugins.
Preloading 0 native plugins for Editor in 0.00 ms.
Unloading 1693 Unused Serialized files (Serialized files now loaded: 0)
System memory in use before: 171.7 MB.
System memory in use after: 171.7 MB.

Unloading 12 unused Assets to reduce memory usage. Loaded Objects now: 2462.
Total: 2.567291 ms (FindLiveObjects: 0.296605 ms CreateObjectMapping: 0.068268 ms MarkObjects: 2.044542 ms  DeleteObjects: 0.155899 ms)

========================================================================
Received Prepare
Registering precompiled user dll's ...
Registered in 0.001405 seconds.
Begin MonoManager ReloadAssembly
Native extension for WindowsStandalone target not found
Native extension for OSXStandalone target not found
Native extension for WebGL target not found
Refreshing native plugins compatible for Editor in 0.39 ms, found 2 plugins.
Preloading 0 native plugins for Editor in 0.00 ms.
Mono: successfully reloaded assembly
- Completed reload, in  1.381 seconds
Platform modules already initialized, skipping
Refreshing native plugins compatible for Editor in 0.39 ms, found 2 plugins.
Preloading 0 native plugins for Editor in 0.00 ms.
Unloading 1693 Unused Serialized files (Serialized files now loaded: 0)
System memory in use before: 171.9 MB.
System memory in use after: 171.9 MB.

Unloading 12 unused Assets to reduce memory usage. Loaded Objects now: 2466.
Total: 2.705353 ms (FindLiveObjects: 0.284274 ms CreateObjectMapping: 0.119055 ms MarkObjects: 2.113489 ms  DeleteObjects: 0.187027 ms)

========================================================================
Received Prepare
Registering precompiled user dll's ...
Registered in 0.001890 seconds.
Begin MonoManager ReloadAssembly
Native extension for WindowsStandalone target not found
Native extension for OSXStandalone target not found
Native extension for WebGL target not found
Refreshing native plugins compatible for Editor in 0.39 ms, found 2 plugins.
Preloading 0 native plugins for Editor in 0.00 ms.
Mono: successfully reloaded assembly
- Completed reload, in  1.398 seconds
Platform modules already initialized, skipping
Refreshing native plugins compatible for Editor in 0.40 ms, found 2 plugins.
Preloading 0 native plugins for Editor in 0.00 ms.
Unloading 1693 Unused Serialized files (Serialized files now loaded: 0)
System memory in use before: 172.1 MB.
System memory in use after: 172.1 MB.

Unloading 12 unused Assets to reduce memory usage. Loaded Objects now: 2470.
Total: 3.397974 ms (FindLiveObjects: 0.421193 ms CreateObjectMapping: 0.104804 ms MarkObjects: 2.658390 ms  DeleteObjects: 0.210778 ms)

